#
# There is insufficient memory for the Java Runtime Environment to continue.
# Native memory allocation (malloc) failed to allocate 1484336 bytes for Chunk::new
# Possible reasons:
#   The system is out of physical RAM or swap space
#   In 32 bit mode, the process size limit was hit
# Possible solutions:
#   Reduce memory load on the system
#   Increase physical memory or swap space
#   Check if swap backing store is full
#   Use 64 bit Java on a 64 bit OS
#   Decrease Java heap size (-Xmx/-Xms)
#   Decrease number of Java threads
#   Decrease Java thread stack sizes (-Xss)
#   Set larger code cache with -XX:ReservedCodeCacheSize=
# This output file may be truncated or incomplete.
#
#  Out of Memory Error (allocation.cpp:390), pid=14684, tid=0x00000000000017bc
#
# JRE version: Java(TM) SE Runtime Environment (8.0_121-b13) (build 1.8.0_121-b13)
# Java VM: Java HotSpot(TM) 64-Bit Server VM (25.121-b13 mixed mode windows-amd64 compressed oops)
# Failed to write core dump. Minidumps are not enabled by default on client versions of Windows
#

---------------  T H R E A D  ---------------

Current thread (0x00000000198e5800):  JavaThread "C2 CompilerThread1" daemon [_thread_in_native, id=6076, stack(0x0000000019d20000,0x0000000019e20000)]

Stack: [0x0000000019d20000,0x0000000019e20000]
[error occurred during error reporting (printing stack bounds), id 0xc0000005]

Native frames: (J=compiled Java code, j=interpreted, Vv=VM code, C=native code)


Current CompileTask:
C2:  24893 3018       4       javafx.scene.layout.GridPane::computeGridMetrics (967 bytes)


---------------  P R O C E S S  ---------------

Java Threads: ( => current thread )
  0x000000001a77b800 JavaThread "Prism Font Disposer" daemon [_thread_blocked, id=13144, stack(0x0000000021a30000,0x0000000021b30000)]
  0x000000001a2fa800 JavaThread "Thread-3" daemon [_thread_in_native, id=10836, stack(0x000000001f5f0000,0x000000001f6f0000)]
  0x000000001a2a6800 JavaThread "JavaFX-Launcher" [_thread_blocked, id=12844, stack(0x000000001f6f0000,0x000000001f7f0000)]
  0x000000001a24b800 JavaThread "JavaFX Application Thread" [_thread_in_native, id=1504, stack(0x000000001ac20000,0x000000001ad20000)]
  0x000000001a24a800 JavaThread "Thread-1" daemon [_thread_blocked, id=9100, stack(0x000000001ab20000,0x000000001ac20000)]
  0x000000001a230000 JavaThread "QuantumRenderer-0" daemon [_thread_blocked, id=2736, stack(0x000000001a920000,0x000000001aa20000)]
  0x000000001995a800 JavaThread "Service Thread" daemon [_thread_blocked, id=12232, stack(0x0000000019f20000,0x000000001a020000)]
  0x000000001994e000 JavaThread "C1 CompilerThread2" daemon [_thread_blocked, id=12852, stack(0x0000000019e20000,0x0000000019f20000)]
=>0x00000000198e5800 JavaThread "C2 CompilerThread1" daemon [_thread_in_native, id=6076, stack(0x0000000019d20000,0x0000000019e20000)]
  0x00000000198e2800 JavaThread "C2 CompilerThread0" daemon [_thread_blocked, id=6628, stack(0x0000000019c20000,0x0000000019d20000)]
  0x00000000198d4800 JavaThread "Monitor Ctrl-Break" daemon [_thread_in_native, id=11892, stack(0x0000000019b20000,0x0000000019c20000)]
  0x00000000180b9000 JavaThread "Attach Listener" daemon [_thread_blocked, id=4960, stack(0x0000000019620000,0x0000000019720000)]
  0x00000000180b8000 JavaThread "Signal Dispatcher" daemon [_thread_blocked, id=13300, stack(0x0000000019520000,0x0000000019620000)]
  0x0000000018098800 JavaThread "Finalizer" daemon [_thread_blocked, id=9724, stack(0x0000000019310000,0x0000000019410000)]
  0x0000000003544000 JavaThread "Reference Handler" daemon [_thread_blocked, id=8040, stack(0x0000000019210000,0x0000000019310000)]
  0x0000000003453800 JavaThread "main" [_thread_blocked, id=9732, stack(0x00000000030e0000,0x00000000031e0000)]

Other Threads:
  0x0000000018076800 VMThread [stack: 0x0000000019110000,0x0000000019210000] [id=584]
  0x00000000199c3000 WatcherThread [stack: 0x000000001a020000,0x000000001a120000] [id=3532]

VM state:not at safepoint (normal execution)

VM Mutex/Monitor currently owned by a thread: None

Heap:
 PSYoungGen      total 38400K, used 33602K [0x00000000d5d00000, 0x00000000d8780000, 0x0000000100000000)
  eden space 33280K, 89% used [0x00000000d5d00000,0x00000000d7a14a30,0x00000000d7d80000)
  from space 5120K, 74% used [0x00000000d7d80000,0x00000000d813c030,0x00000000d8280000)
  to   space 5120K, 0% used [0x00000000d8280000,0x00000000d8280000,0x00000000d8780000)
 ParOldGen       total 87552K, used 80K [0x0000000081600000, 0x0000000086b80000, 0x00000000d5d00000)
  object space 87552K, 0% used [0x0000000081600000,0x0000000081614010,0x0000000086b80000)
 Metaspace       used 17497K, capacity 18354K, committed 18560K, reserved 1064960K
  class space    used 2408K, capacity 2591K, committed 2688K, reserved 1048576K

Card table byte_map: [0x0000000012910000,0x0000000012d10000] byte_map_base: 0x0000000012505000

Marking Bits: (ParMarkBitMap*) 0x000000006d9bb6d0
 Begin Bits: [0x00000000133c0000, 0x0000000015368000)
 End Bits:   [0x0000000015368000, 0x0000000017310000)

Polling page: 0x0000000001290000

CodeCache: size=245760Kb used=9503Kb max_used=9503Kb free=236256Kb
 bounds [0x0000000003550000, 0x0000000003ea0000, 0x0000000012550000]
 total_blobs=3663 nmethods=3019 adapters=554
 compilation: enabled

Compilation events (10 events):
Event: 24.586 Thread 0x000000001994e000 nmethod 3016 0x0000000003e96390 code [0x0000000003e96500, 0x0000000003e96768]
Event: 24.586 Thread 0x000000001994e000 3015       3       com.sun.prism.d3d.D3DSwapChain::getContext (8 bytes)
Event: 24.586 Thread 0x000000001994e000 nmethod 3015 0x0000000003e95f90 code [0x0000000003e960e0, 0x0000000003e962d0]
Event: 24.614 Thread 0x000000001994e000 3017       3       javafx.scene.Scene::getKeyHandler (24 bytes)
Event: 24.616 Thread 0x000000001994e000 nmethod 3017 0x0000000003e95350 code [0x0000000003e95500, 0x0000000003e95b90]
Event: 24.624 Thread 0x00000000198e5800 3018       4       javafx.scene.layout.GridPane::computeGridMetrics (967 bytes)
Event: 24.625 Thread 0x000000001994e000 3019       3       com.sun.javafx.scene.control.skin.LabeledSkinBase::leftLabelPadding (18 bytes)
Event: 24.627 Thread 0x000000001994e000 nmethod 3019 0x0000000003e9ded0 code [0x0000000003e9e0c0, 0x0000000003e9ea58]
Event: 24.627 Thread 0x000000001994e000 3020       3       javafx.scene.text.Text::getWrappingWidth (19 bytes)
Event: 24.628 Thread 0x000000001994e000 nmethod 3020 0x0000000003e94cd0 code [0x0000000003e94e40, 0x0000000003e95208]

GC Heap History (2 events):
Event: 1.157 GC heap before
{Heap before GC invocations=1 (full 0):
 PSYoungGen      total 38400K, used 33280K [0x00000000d5d00000, 0x00000000d8780000, 0x0000000100000000)
  eden space 33280K, 100% used [0x00000000d5d00000,0x00000000d7d80000,0x00000000d7d80000)
  from space 5120K, 0% used [0x00000000d8280000,0x00000000d8280000,0x00000000d8780000)
  to   space 5120K, 0% used [0x00000000d7d80000,0x00000000d7d80000,0x00000000d8280000)
 ParOldGen       total 87552K, used 0K [0x0000000081600000, 0x0000000086b80000, 0x00000000d5d00000)
  object space 87552K, 0% used [0x0000000081600000,0x0000000081600000,0x0000000086b80000)
 Metaspace       used 13439K, capacity 13972K, committed 14080K, reserved 1060864K
  class space    used 1908K, capacity 2045K, committed 2048K, reserved 1048576K
Event: 1.164 GC heap after
Heap after GC invocations=1 (full 0):
 PSYoungGen      total 38400K, used 3824K [0x00000000d5d00000, 0x00000000d8780000, 0x0000000100000000)
  eden space 33280K, 0% used [0x00000000d5d00000,0x00000000d5d00000,0x00000000d7d80000)
  from space 5120K, 74% used [0x00000000d7d80000,0x00000000d813c030,0x00000000d8280000)
  to   space 5120K, 0% used [0x00000000d8280000,0x00000000d8280000,0x00000000d8780000)
 ParOldGen       total 87552K, used 80K [0x0000000081600000, 0x0000000086b80000, 0x00000000d5d00000)
  object space 87552K, 0% used [0x0000000081600000,0x0000000081614010,0x0000000086b80000)
 Metaspace       used 13439K, capacity 13972K, committed 14080K, reserved 1060864K
  class space    used 1908K, capacity 2045K, committed 2048K, reserved 1048576K
}

Deoptimization events (10 events):
Event: 1.218 Thread 0x000000001a24b800 Uncommon trap: reason=unstable_if action=reinterpret pc=0x0000000003808a58 method=sun.net.www.ParseUtil.encodePath(Ljava/lang/String;Z)Ljava/lang/String; @ 109
Event: 1.223 Thread 0x000000001a24b800 Uncommon trap: reason=unstable_if action=reinterpret pc=0x0000000003662a40 method=java.lang.CharacterData.of(I)Ljava/lang/CharacterData; @ 4
Event: 2.998 Thread 0x000000001a24b800 Uncommon trap: reason=unstable_if action=reinterpret pc=0x000000000385e268 method=jdk.internal.org.objectweb.asm.Type.getArgumentsAndReturnSizes(Ljava/lang/String;)I @ 47
Event: 3.287 Thread 0x000000001a24b800 Uncommon trap: reason=unstable_if action=reinterpret pc=0x000000000394ad6c method=java.lang.ClassLoader.checkName(Ljava/lang/String;)Z @ 20
Event: 3.359 Thread 0x000000001a24b800 Uncommon trap: reason=array_check action=maybe_recompile pc=0x0000000003a89c5c method=com.sun.javafx.css.SimpleSelector.applies(Ljavafx/css/Styleable;[Ljava/util/Set;I)Z @ 37
Event: 3.359 Thread 0x000000001a24b800 Uncommon trap: reason=array_check action=maybe_recompile pc=0x0000000003a89c5c method=com.sun.javafx.css.SimpleSelector.applies(Ljavafx/css/Styleable;[Ljava/util/Set;I)Z @ 37
Event: 3.359 Thread 0x000000001a24b800 Uncommon trap: reason=array_check action=maybe_recompile pc=0x0000000003a89c5c method=com.sun.javafx.css.SimpleSelector.applies(Ljavafx/css/Styleable;[Ljava/util/Set;I)Z @ 37
Event: 3.359 Thread 0x000000001a24b800 Uncommon trap: reason=array_check action=maybe_recompile pc=0x0000000003a89c5c method=com.sun.javafx.css.SimpleSelector.applies(Ljavafx/css/Styleable;[Ljava/util/Set;I)Z @ 37
Event: 7.312 Thread 0x000000001a24b800 Uncommon trap: reason=unstable_if action=reinterpret pc=0x000000000380517c method=java.lang.String.indexOf([CII[CIII)I @ 3
Event: 17.675 Thread 0x000000001a24b800 Uncommon trap: reason=unstable_if action=reinterpret pc=0x0000000003e1d434 method=javafx.scene.Node.impl_intersectsBounds(Lcom/sun/javafx/geom/PickRay;)D @ 902

Internal exceptions (10 events):
Event: 0.818 Thread 0x000000001a24b800 Exception <a 'java/lang/ArrayIndexOutOfBoundsException': 70> (0x00000000d73687b8) thrown at [C:\re\workspace\8-2-build-windows-amd64-cygwin\jdk8u121\8372\hotspot\src\share\vm\interpreter\interpreterRuntime.cpp, line 366]
Event: 0.818 Thread 0x000000001a24b800 Exception <a 'java/lang/ArrayIndexOutOfBoundsException': 18> (0x00000000d736d640) thrown at [C:\re\workspace\8-2-build-windows-amd64-cygwin\jdk8u121\8372\hotspot\src\share\vm\interpreter\interpreterRuntime.cpp, line 366]
Event: 0.818 Thread 0x000000001a24b800 Exception <a 'java/lang/ArrayIndexOutOfBoundsException': 86> (0x00000000d736f4e8) thrown at [C:\re\workspace\8-2-build-windows-amd64-cygwin\jdk8u121\8372\hotspot\src\share\vm\interpreter\interpreterRuntime.cpp, line 366]
Event: 0.822 Thread 0x000000001a24b800 Exception <a 'java/lang/ArrayIndexOutOfBoundsException'> (0x00000000d7387c70) thrown at [C:\re\workspace\8-2-build-windows-amd64-cygwin\jdk8u121\8372\hotspot\src\share\vm\runtime\sharedRuntime.cpp, line 605]
Event: 0.831 Thread 0x000000001a24b800 Exception <a 'java/lang/ArrayIndexOutOfBoundsException'> (0x00000000d73deeb0) thrown at [C:\re\workspace\8-2-build-windows-amd64-cygwin\jdk8u121\8372\hotspot\src\share\vm\runtime\sharedRuntime.cpp, line 605]
Event: 0.893 Thread 0x000000001a24b800 Implicit null exception at 0x00000000037cb935 to 0x00000000037cbb05
Event: 3.112 Thread 0x000000001a24b800 Exception <a 'java/lang/ArrayIndexOutOfBoundsException'> (0x00000000d6614d40) thrown at [C:\re\workspace\8-2-build-windows-amd64-cygwin\jdk8u121\8372\hotspot\src\share\vm\runtime\sharedRuntime.cpp, line 605]
Event: 3.129 Thread 0x000000001a24b800 Exception <a 'java/lang/ArrayIndexOutOfBoundsException'> (0x00000000d669a5e8) thrown at [C:\re\workspace\8-2-build-windows-amd64-cygwin\jdk8u121\8372\hotspot\src\share\vm\runtime\sharedRuntime.cpp, line 605]
Event: 3.132 Thread 0x000000001a24b800 Exception <a 'java/lang/ArrayIndexOutOfBoundsException'> (0x00000000d66b27b8) thrown at [C:\re\workspace\8-2-build-windows-amd64-cygwin\jdk8u121\8372\hotspot\src\share\vm\runtime\sharedRuntime.cpp, line 605]
Event: 3.155 Thread 0x000000001a24b800 Exception <a 'java/lang/ArrayIndexOutOfBoundsException'> (0x00000000d68317c8) thrown at [C:\re\workspace\8-2-build-windows-amd64-cygwin\jdk8u121\8372\hotspot\src\share\vm\runtime\sharedRuntime.cpp, line 605]

Events (10 events):
Event: 19.450 loading class com/sun/prism/impl/shape/OpenPiscesPrismUtils
Event: 19.450 loading class com/sun/prism/impl/shape/OpenPiscesPrismUtils done
Event: 19.451 loading class com/sun/openpisces/Renderer
Event: 19.451 loading class com/sun/openpisces/Renderer done
Event: 19.452 loading class com/sun/openpisces/Dasher
Event: 19.452 loading class com/sun/openpisces/Dasher done
Event: 19.454 loading class com/sun/openpisces/TransformingPathConsumer2D$FilterSet
Event: 19.454 loading class com/sun/openpisces/TransformingPathConsumer2D$FilterSet done
Event: 20.368 loading class java/util/WeakHashMap$1
Event: 20.368 loading class java/util/WeakHashMap$1 done


Dynamic libraries:
0x00007ff6f8be0000 - 0x00007ff6f8c17000 	C:\Program Files\Java\jdk1.8.0_121\bin\java.exe
0x00007ff9afee0000 - 0x00007ff9b00c1000 	C:\WINDOWS\SYSTEM32\ntdll.dll
0x00007ff9af630000 - 0x00007ff9af6e2000 	C:\WINDOWS\System32\KERNEL32.DLL
0x00007ff9acfe0000 - 0x00007ff9ad253000 	C:\WINDOWS\System32\KERNELBASE.dll
0x00007ff9aeb40000 - 0x00007ff9aebe1000 	C:\WINDOWS\System32\ADVAPI32.dll
0x00007ff9afa60000 - 0x00007ff9afafe000 	C:\WINDOWS\System32\msvcrt.dll
0x00007ff9af570000 - 0x00007ff9af5cb000 	C:\WINDOWS\System32\sechost.dll
0x00007ff9aeff0000 - 0x00007ff9af114000 	C:\WINDOWS\System32\RPCRT4.dll
0x00007ff9af8c0000 - 0x00007ff9afa50000 	C:\WINDOWS\System32\USER32.dll
0x00007ff9ac2b0000 - 0x00007ff9ac2d0000 	C:\WINDOWS\System32\win32u.dll
0x00007ff9af7f0000 - 0x00007ff9af818000 	C:\WINDOWS\System32\GDI32.dll
0x00007ff9ac730000 - 0x00007ff9ac8c2000 	C:\WINDOWS\System32\gdi32full.dll
0x00007ff9ac690000 - 0x00007ff9ac72f000 	C:\WINDOWS\System32\msvcp_win.dll
0x00007ff9ac540000 - 0x00007ff9ac63a000 	C:\WINDOWS\System32\ucrtbase.dll
0x00007ff9a3f60000 - 0x00007ff9a41c9000 	C:\WINDOWS\WinSxS\amd64_microsoft.windows.common-controls_6595b64144ccf1df_6.0.17134.48_none_b4b2216a3cb4dd3e\COMCTL32.dll
0x00007ff9afb80000 - 0x00007ff9afea3000 	C:\WINDOWS\System32\combase.dll
0x00007ff9ac2d0000 - 0x00007ff9ac34a000 	C:\WINDOWS\System32\bcryptPrimitives.dll
0x00007ff9aeb10000 - 0x00007ff9aeb3d000 	C:\WINDOWS\System32\IMM32.DLL
0x000000006f010000 - 0x000000006f0e2000 	C:\Program Files\Java\jdk1.8.0_121\jre\bin\msvcr100.dll
0x000000006d1a0000 - 0x000000006da3b000 	C:\Program Files\Java\jdk1.8.0_121\jre\bin\server\jvm.dll
0x00007ff9aec50000 - 0x00007ff9aec58000 	C:\WINDOWS\System32\PSAPI.DLL
0x00007ff9a71b0000 - 0x00007ff9a71d3000 	C:\WINDOWS\SYSTEM32\WINMM.dll
0x00007ff99c1d0000 - 0x00007ff99c1d9000 	C:\WINDOWS\SYSTEM32\WSOCK32.dll
0x00007ff9a6e20000 - 0x00007ff9a6e2a000 	C:\WINDOWS\SYSTEM32\VERSION.dll
0x00007ff9aef80000 - 0x00007ff9aefec000 	C:\WINDOWS\System32\WS2_32.dll
0x00007ff9a6d40000 - 0x00007ff9a6d6a000 	C:\WINDOWS\SYSTEM32\winmmbase.dll
0x00007ff9ac640000 - 0x00007ff9ac689000 	C:\WINDOWS\System32\cfgmgr32.dll
0x000000006f920000 - 0x000000006f92f000 	C:\Program Files\Java\jdk1.8.0_121\jre\bin\verify.dll
0x000000006f8e0000 - 0x000000006f909000 	C:\Program Files\Java\jdk1.8.0_121\jre\bin\java.dll
0x000000006efe0000 - 0x000000006f003000 	C:\Program Files\Java\jdk1.8.0_121\jre\bin\instrument.dll
0x000000006f8c0000 - 0x000000006f8d6000 	C:\Program Files\Java\jdk1.8.0_121\jre\bin\zip.dll
0x00007ff9ad4c0000 - 0x00007ff9ae900000 	C:\WINDOWS\System32\SHELL32.dll
0x00007ff9aea60000 - 0x00007ff9aeb09000 	C:\WINDOWS\System32\shcore.dll
0x00007ff9ac8d0000 - 0x00007ff9acfdd000 	C:\WINDOWS\System32\windows.storage.dll
0x00007ff9af5d0000 - 0x00007ff9af621000 	C:\WINDOWS\System32\shlwapi.dll
0x00007ff9ac240000 - 0x00007ff9ac251000 	C:\WINDOWS\System32\kernel.appcore.dll
0x00007ff9ac260000 - 0x00007ff9ac27f000 	C:\WINDOWS\System32\profapi.dll
0x00007ff9ac1f0000 - 0x00007ff9ac23c000 	C:\WINDOWS\System32\powrprof.dll
0x00007ff9ac280000 - 0x00007ff9ac28a000 	C:\WINDOWS\System32\FLTLIB.DLL
0x00007ff998af0000 - 0x00007ff998b0a000 	C:\Program Files\JetBrains\IntelliJ IDEA 2018.1.2\bin\breakgen64.dll
0x000000006ef30000 - 0x000000006ef4a000 	C:\Program Files\Java\jdk1.8.0_121\jre\bin\net.dll
0x00007ff9aba10000 - 0x00007ff9aba76000 	C:\WINDOWS\system32\mswsock.dll
0x00007ff984f20000 - 0x00007ff98500f000 	C:\Program Files\Java\jdk1.8.0_121\jre\bin\msvcr120.dll
0x00007ff984d50000 - 0x00007ff984df6000 	C:\Program Files\Java\jdk1.8.0_121\jre\bin\msvcp120.dll
0x000000006ef00000 - 0x000000006ef22000 	C:\Program Files\Java\jdk1.8.0_121\jre\bin\prism_d3d.dll
0x00007ff99c650000 - 0x00007ff99c7e7000 	C:\WINDOWS\system32\d3d9.dll
0x00007ff9aa680000 - 0x00007ff9aa6a9000 	C:\WINDOWS\SYSTEM32\dwmapi.dll
0x00007ff9aa360000 - 0x00007ff9aa3f8000 	C:\WINDOWS\system32\uxtheme.dll
0x00007ff96f510000 - 0x00007ff971a4d000 	C:\WINDOWS\SYSTEM32\igdumdim64.dll
0x00007ff9ad3f0000 - 0x00007ff9ad4b2000 	C:\WINDOWS\System32\OLEAUT32.dll
0x00007ff9ae900000 - 0x00007ff9aea51000 	C:\WINDOWS\System32\ole32.dll
0x00007ff9af120000 - 0x00007ff9af56b000 	C:\WINDOWS\System32\SETUPAPI.dll
0x000000006eeb0000 - 0x000000006eef3000 	C:\Program Files\Java\jdk1.8.0_121\jre\bin\glass.dll
0x00007ff9af6f0000 - 0x00007ff9af7dd000 	C:\WINDOWS\System32\COMDLG32.dll
0x00007ff9aec60000 - 0x00007ff9aedd5000 	C:\WINDOWS\System32\MSCTF.dll
0x00007ff991670000 - 0x00007ff9920b0000 	C:\WINDOWS\SYSTEM32\igdusc64.dll
0x000000006ee70000 - 0x000000006ee84000 	C:\Program Files\Java\jdk1.8.0_121\jre\bin\javafx_font.dll
0x00007ff996f60000 - 0x00007ff99727c000 	C:\WINDOWS\SYSTEM32\dwrite.dll
0x00007ff9af820000 - 0x00007ff9af8c0000 	C:\WINDOWS\System32\clbcatq.dll
0x00007ff9a29a0000 - 0x00007ff9a2b4e000 	C:\WINDOWS\SYSTEM32\WindowsCodecs.dll
0x00007ff997730000 - 0x00007ff997788000 	C:\WINDOWS\system32\dataexchange.dll
0x00007ff9a9fc0000 - 0x00007ff9aa15c000 	C:\WINDOWS\system32\dcomp.dll
0x00007ff9a91b0000 - 0x00007ff9a94bb000 	C:\WINDOWS\system32\d3d11.dll
0x00007ff9aace0000 - 0x00007ff9aad9b000 	C:\WINDOWS\system32\dxgi.dll
0x00007ff9aa7a0000 - 0x00007ff9aa958000 	C:\WINDOWS\system32\twinapi.appcore.dll
0x00007ff9aa770000 - 0x00007ff9aa791000 	C:\WINDOWS\system32\RMCLIENT.dll
0x00007ff98e8f0000 - 0x00007ff98e924000 	C:\Program Files\Common Files\Microsoft Shared\Ink\rtscom.dll
0x00007ff99f260000 - 0x00007ff99f2f8000 	C:\WINDOWS\System32\TextInputFramework.dll
0x00007ff9a8010000 - 0x00007ff9a80ea000 	C:\WINDOWS\System32\CoreMessaging.dll
0x00007ff9a2320000 - 0x00007ff9a263e000 	C:\WINDOWS\System32\CoreUIComponents.dll
0x00007ff9ab2e0000 - 0x00007ff9ab311000 	C:\WINDOWS\SYSTEM32\ntmarta.dll
0x00007ff9a9600000 - 0x00007ff9a974d000 	C:\WINDOWS\SYSTEM32\wintypes.dll
0x000000006ee50000 - 0x000000006ee61000 	C:\Program Files\Java\jdk1.8.0_121\jre\bin\prism_common.dll

VM Arguments:
jvm_args: -javaagent:C:\Program Files\JetBrains\IntelliJ IDEA 2018.1.2\lib\idea_rt.jar=35267:C:\Program Files\JetBrains\IntelliJ IDEA 2018.1.2\bin -Dfile.encoding=UTF-8 
java_command: sample.Main
java_class_path (initial): C:\Program Files\Java\jdk1.8.0_121\jre\lib\charsets.jar;C:\Program Files\Java\jdk1.8.0_121\jre\lib\deploy.jar;C:\Program Files\Java\jdk1.8.0_121\jre\lib\ext\access-bridge-64.jar;C:\Program Files\Java\jdk1.8.0_121\jre\lib\ext\cldrdata.jar;C:\Program Files\Java\jdk1.8.0_121\jre\lib\ext\dnsns.jar;C:\Program Files\Java\jdk1.8.0_121\jre\lib\ext\jaccess.jar;C:\Program Files\Java\jdk1.8.0_121\jre\lib\ext\jfxrt.jar;C:\Program Files\Java\jdk1.8.0_121\jre\lib\ext\localedata.jar;C:\Program Files\Java\jdk1.8.0_121\jre\lib\ext\nashorn.jar;C:\Program Files\Java\jdk1.8.0_121\jre\lib\ext\sunec.jar;C:\Program Files\Java\jdk1.8.0_121\jre\lib\ext\sunjce_provider.jar;C:\Program Files\Java\jdk1.8.0_121\jre\lib\ext\sunmscapi.jar;C:\Program Files\Java\jdk1.8.0_121\jre\lib\ext\sunpkcs11.jar;C:\Program Files\Java\jdk1.8.0_121\jre\lib\ext\zipfs.jar;C:\Program Files\Java\jdk1.8.0_121\jre\lib\javaws.jar;C:\Program Files\Java\jdk1.8.0_121\jre\lib\jce.jar;C:\Program Files\Java\jdk1.8.0_121\jre\lib\jfr.jar;C:\Program Files\Java\jdk1.8.0_121\jre\lib\jfxswt.jar;C:\Program Files\Java\jdk1.8.0_121\jre\lib\jsse.jar;C:\Program Files\Java\jdk1.8.0_121\jre\lib\management-agent.jar;C:\Program Files\Java\jdk1.8.0_121\jre\lib\plugin.jar;C:\Program Files\Java\jdk1.8.0_121\jre\lib\resources.jar;C:\Program Files\Java\jdk1.8.0_121\jre\lib\rt.jar;C:\Users\Eliza\Documents\ProjektFAKTURY\out\production\ProjektFAKTURY;C:\Users\Eliza\Documents\ProjektFAKTURY\lib\itext\itextpdf-5.5.6.jar;C:\Users\Eliza\Documents\ProjektFAKTURY\lib\itext\itext7-io-7.0.2.jar;C:\Users\Eliza\Documents\ProjektFAKTURY\lib\itext\xmlworker-5.5.6.jar;C:\Users\Eliza\Documents\ProjektFAKTURY\lib\itext\itext7-hyph-7.0.2.jar;C:\Users\Eliza\Documents\ProjektFAKTURY\lib\itext\itext7-pdfa-7.0.2.jar;C:\Users\Eliza\Documents\ProjektFAKTURY\lib\itext\itext7-sign-7.0.2.jar;C:\Users\Eliza\Documents\ProjektFAKTURY\lib\itext\itext7-forms-7.0.2.jar;C:\Users\Eliza\Documents\ProjektFAKTURY\lib\itext\itext7-kernel-7.0.2.jar;C:\User
Launcher Type: SUN_STANDARD

Environment Variables:
PATH=c:\oraclexe\app\oracle\product\11.2.0\server\bin;c:\programdata\oracle\java\javapath;c:\program files (x86)\intel\icls client\;c:\program files\intel\icls client\;c:\program files\dell\dw wlan card;C:\WINDOWS\system32;C:\WINDOWS;C:\WINDOWS\system32\wbem;C:\WINDOWS\system32\windowspowershell\v1.0\;c:\program files\widcomm\bluetooth software\;c:\program files\widcomm\bluetooth software\syswow64;c:\program files\intel\intel(r) management engine components\dal;c:\program files (x86)\intel\intel(r) management engine components\dal;c:\program files\intel\intel(r) management engine components\ipt;c:\program files (x86)\intel\intel(r) management engine components\ipt;c:\program files (x86)\microsoft sql server\100\tools\binn\;c:\program files\microsoft sql server\100\tools\binn\;c:\program files\microsoft sql server\100\dts\binn\;c:\fpc\2.6.0\bin\i386-win32;c:\program files\microsoft sql server\130\tools\binn\;c:\program files (x86)\windows kits\10\windows performance toolkit\;C:\WINDOWS\system32\config\systemprofile\.dnx\bin;c:\program files\microsoft dnx\dnvm\;C:\Program Files (x86)\MATLAB71\bin\win32;c:\matlab6p5\bin\win32;c:\program files (x86)\skype\phone\;;C:\WINDOWS\system32;C:\WINDOWS;C:\WINDOWS\System32\Wbem;C:\WINDOWS\System32\WindowsPowerShell\v1.0\;C:\WINDOWS\System32\OpenSSH\;C:\Users\Eliza\AppData\Local\Microsoft\WindowsApps;
USERNAME=Eliza
OS=Windows_NT
PROCESSOR_IDENTIFIER=Intel64 Family 6 Model 61 Stepping 4, GenuineIntel



---------------  S Y S T E M  ---------------

OS: Windows 10.0 , 64 bit Build 17134 (10.0.17134.1)

CPU:total 4 (2 cores per cpu, 2 threads per core) family 6 model 61 stepping 4, cmov, cx8, fxsr, mmx, sse, sse2, sse3, ssse3, sse4.1, sse4.2, popcnt, avx, avx2, aes, clmul, erms, 3dnowpref, lzcnt, ht, tsc, tscinvbit, bmi1, bmi2, adx

Memory: 4k page, physical 8297716k(2473968k free), swap 8809716k(5524k free)

vm_info: Java HotSpot(TM) 64-Bit Server VM (25.121-b13) for windows-amd64 JRE (1.8.0_121-b13), built on Dec 12 2016 18:21:36 by "java_re" with MS VC++ 10.0 (VS2010)

time: Fri Jun 08 19:34:33 2018
elapsed time: 24 seconds (0d 0h 0m 24s)

